[0mGET /users/signin [36m304[0m 98.457 ms - -[0m
[0mGET /users/signin [36m304[0m 62.081 ms - -[0m
[0mGET / [36m304[0m 24.244 ms - -[0m
[0mGET /users/signin [36m304[0m 55.361 ms - -[0m
[0mGET /users/signup [32m200[0m 13.624 ms - 4517[0m
[0mGET /users/signin [36m304[0m 10.930 ms - -[0m
[0mGET /users/signup [36m304[0m 13.244 ms - -[0m
[0mGET /users/signin [36m304[0m 9.978 ms - -[0m
[0mGET / [36m304[0m 41.712 ms - -[0m
[0mGET / [36m304[0m 18.208 ms - -[0m
[0mGET / [36m304[0m 19.681 ms - -[0m
[0mGET /users/signin [36m304[0m 17.179 ms - -[0m
[0mGET /users/signin [36m304[0m 63.775 ms - -[0m
[0mPOST /users/create-session [36m302[0m 219.723 ms - 46[0m
[0mGET / [32m200[0m 14.442 ms - 2735[0m
[0mGET /users/profile/5ff1b359cb85b3556c506ab2 [32m200[0m 14.237 ms - 4404[0m
[0mPOST /users/update/5ff1b359cb85b3556c506ab2 [36m302[0m 36.562 ms - 164[0m
[0mGET /users/profile/5ff1b359cb85b3556c506ab2 [36m304[0m 18.855 ms - -[0m
[0mGET / [32m200[0m 14.652 ms - 2461[0m
[0mGET /users/destroysession [36m302[0m 12.178 ms - 46[0m
[0mGET / [32m200[0m 6.059 ms - 2127[0m
[0mGET /users/signin [36m304[0m 9.432 ms - -[0m
[0mGET /users/signin [32m200[0m 59.062 ms - 3832[0m
[0mGET /users/signin [31m500[0m 15.855 ms - 2717[0m
[0mGET /users/signin [31m500[0m 25.166 ms - 2667[0m
[0mGET /users/signin [32m200[0m 47.564 ms - 3842[0m
[0mGET /users/css/layout-bdfa9e4ce9.css [33m404[0m 16.326 ms - 170[0m
[0mGET /users/signin [32m200[0m 49.876 ms - 3843[0m
[0mGET /css/layout-bdfa9e4ce9.css [33m404[0m 15.283 ms - 164[0m
[0mGET /users/signin [36m304[0m 32.947 ms - -[0m
[0mGET /css/layout-bdfa9e4ce9.css [33m404[0m 6.365 ms - 164[0m
[0mGET /users/signin [32m200[0m 64.167 ms - 3867[0m
[0mGET /css/header-5c6b54c471.css [33m404[0m 14.492 ms - 164[0m
[0mGET /css/authentication-b397fc5a07.css [33m404[0m 20.605 ms - 172[0m
[0mGET /css/layout-bdfa9e4ce9.css [33m404[0m 20.500 ms - 164[0m
[0mGET /css/authentication-b397fc5a07.css [33m404[0m 7.296 ms - 172[0m
[0mGET /users/signin [32m200[0m 13.347 ms - 3933[0m
[0mGET /css/layout-bdfa9e4ce9.css [33m404[0m 15.438 ms - 164[0m
[0mGET /css/header-5c6b54c471.css [33m404[0m 15.782 ms - 164[0m
[0mGET /css/authentication-b397fc5a07.css [33m404[0m 12.599 ms - 172[0m
[0mGET /css/authentication-b397fc5a07.css [33m404[0m 3.786 ms - 172[0m
[0mGET /users/signin [32m200[0m 14.342 ms - 3917[0m
[0mGET /undefined [33m404[0m 7.851 ms - 148[0m
[0mGET /css/layout-bdfa9e4ce9.css [33m404[0m 6.651 ms - 164[0m
[0mGET /css/authentication-b397fc5a07.css [33m404[0m 10.294 ms - 172[0m
[0mGET /css/authentication-b397fc5a07.css [33m404[0m 7.774 ms - 172[0m
[0mGET / [32m200[0m 15.608 ms - 1862[0m
[0mGET /undefined [33m404[0m 8.187 ms - 148[0m
[0mGET /css/layout-bdfa9e4ce9.css [33m404[0m 8.284 ms - 164[0m
[0mGET / [32m200[0m 34.121 ms - 1851[0m
[0mGET /css/layout-bdfa9e4ce9.css [33m404[0m 8.919 ms - 164[0m
[0mGET / [32m200[0m 25.822 ms - 1862[0m
[0mGET /undefined [33m404[0m 7.796 ms - 148[0m
[0mGET /css/layout-bdfa9e4ce9.css [33m404[0m 15.082 ms - 164[0m
[0mGET / [32m200[0m 22.533 ms - 1912[0m
[0mGET /undefined [33m404[0m 7.023 ms - 148[0m
[0mGET /css/layout-bdfa9e4ce9.css [33m404[0m 9.448 ms - 164[0m
[0mGET /users/signin [32m200[0m 15.655 ms - 3968[0m
[0mGET /undefined [33m404[0m 13.116 ms - 148[0m
[0mGET /css/layout-bdfa9e4ce9.css [33m404[0m 12.544 ms - 164[0m
[0mGET /css/authentication-b397fc5a07.css [33m404[0m 11.043 ms - 172[0m
[0mGET /css/authentication-b397fc5a07.css [33m404[0m 5.317 ms - 172[0m
[0mPOST /users/create-session [36m302[0m 221.410 ms - 46[0m
[0mGET / [32m200[0m 13.384 ms - 2795[0m
[0mGET /css/layout-bdfa9e4ce9.css [33m404[0m 15.973 ms - 164[0m
[0mGET /undefined [33m404[0m 12.478 ms - 148[0m
[0mGET /users/profile/5ff1b359cb85b3556c506ab2 [32m200[0m 19.849 ms - 4475[0m
[0mGET /css/profile-063bfba427.css [33m404[0m 18.999 ms - 165[0m
[0mGET /undefined [33m404[0m 22.540 ms - 148[0m
[0mGET /css/layout-bdfa9e4ce9.css [33m404[0m 20.893 ms - 164[0m
[0mGET /css/profile-063bfba427.css [33m404[0m 7.782 ms - 165[0m
[0mGET /users/profile/5ff1b359cb85b3556c506ab2 [32m200[0m 16.522 ms - 4463[0m
[0mGET /css/layout-bdfa9e4ce9.css [33m404[0m 25.237 ms - 164[0m
[0mGET /undefined [33m404[0m 26.072 ms - 148[0m
[0mGET /users/profile/css/profile.css [33m404[0m 27.447 ms - 168[0m
[0mGET /users/profile/css/profile.css [33m404[0m 14.242 ms - 168[0m
[0mGET /users/profile/5ff1b359cb85b3556c506ab2 [32m200[0m 7.455 ms - 4464[0m
[0mGET /css/layout-bdfa9e4ce9.css [33m404[0m 28.102 ms - 164[0m
[0mGET /undefined [33m404[0m 23.381 ms - 148[0m
[0mGET /undefined [33m404[0m 15.435 ms - 148[0m
[0mGET /css/layout-bdfa9e4ce9.css [33m404[0m 15.640 ms - 164[0m
[0mGET /users/profile/5ff1b359cb85b3556c506ab2 [36m304[0m 13.458 ms - -[0m
[0mGET /css/layout-bdfa9e4ce9.css [33m404[0m 24.752 ms - 164[0m
[0mGET /undefined [33m404[0m 23.979 ms - 148[0m
[0mGET /users/profile/5ff1b359cb85b3556c506ab2 [32m200[0m 14.675 ms - 4458[0m
[0mGET /users/profile/5ff1b359cb85b3556c506ab2 [32m200[0m 87.596 ms - 4466[0m
[0mGET /users/profile/css/header.css [33m404[0m 35.117 ms - 167[0m
[0mGET /users/profile/5ff1b359cb85b3556c506ab2 [32m200[0m 20.412 ms - 4465[0m
[0mGET /users/profile/css/layout.css [33m404[0m 15.245 ms - 167[0m
[0mGET /users/profile/css/header.css [33m404[0m 32.086 ms - 167[0m
[0mGET /users/profile/5ff1b359cb85b3556c506ab2 [32m200[0m 17.987 ms - 4466[0m
[0mGET /users/profile/css/header.css [33m404[0m 16.752 ms - 167[0m
[0mGET /users/profile/5ff1b359cb85b3556c506ab2 [36m304[0m 18.057 ms - -[0m
[0mGET /users/profile/css/header.css [33m404[0m 16.237 ms - 167[0m
[0mGET /users/profile/5ff1b359cb85b3556c506ab2 [36m304[0m 15.059 ms - -[0m
[0mGET /users/profile/css/header.css [33m404[0m 9.777 ms - 167[0m
[0mGET /users/profile/5ff1b359cb85b3556c506ab2 [32m200[0m 14.918 ms - 4406[0m
[0mGET /users/profile/css/header.css [33m404[0m 8.754 ms - 167[0m
[0mGET /users/profile/5ff1b359cb85b3556c506ab2 [32m200[0m 15.509 ms - 4466[0m
[0mGET /users/profile/css/header.css [33m404[0m 8.058 ms - 167[0m
[0mGET /users/profile/css/header.css [33m404[0m 13.615 ms - 167[0m
[0mGET /users/profile/5ff1b359cb85b3556c506ab2 [32m200[0m 19.417 ms - 4458[0m
[0mGET /users/profile/css/header.css [33m404[0m 11.764 ms - 167[0m
[0mGET /users/profile/css/header.css [33m404[0m 12.435 ms - 167[0m
[0mGET /users/profile/5ff1b359cb85b3556c506ab2 [32m200[0m 24.044 ms - 4460[0m
[0mGET /users/profile/5ff1b359cb85b3556c506ab2 [32m200[0m 18.034 ms - 4407[0m
[0mGET /users/profile/5ff1b359cb85b3556c506ab2 [36m304[0m 19.776 ms - -[0m
[0mGET /users/profile/5ff1b359cb85b3556c506ab2 [36m304[0m 18.371 ms - -[0m
[0mGET /users/destroysession [36m302[0m 19.811 ms - 46[0m
[0mGET / [32m200[0m 13.874 ms - 2131[0m
[0mGET /users/signin [32m200[0m 13.003 ms - 3834[0m
[0mGET /users/signup [32m200[0m 12.475 ms - 4522[0m
[0mGET /users/signin [36m304[0m 8.420 ms - -[0m
[0mGET /forgetpassword [32m200[0m 10.794 ms - 2443[0m
[0mGET / [32m200[0m 6.909 ms - 1856[0m
[0mGET /users/signin [36m304[0m 12.958 ms - -[0m
[0mPOST /users/create-session [36m302[0m 186.540 ms - 46[0m
[0mGET / [32m200[0m 11.970 ms - 2739[0m
[0mGET /users/profile/5ff1b359cb85b3556c506ab2 [36m304[0m 17.848 ms - -[0m
